<?xml version="1.0" encoding="UTF-8"?>
<testng-results skipped="0" failed="5" ignored="0" total="10" passed="5">
  <reporter-output>
  </reporter-output>
  <suite name="Suite" duration-ms="120322" started-at="2022-01-27T09:56:58Z" finished-at="2022-01-27T09:58:58Z">
    <groups>
    </groups>
    <test name="Testng" duration-ms="120322" started-at="2022-01-27T09:56:58Z" finished-at="2022-01-27T09:58:58Z">
      <class name="tests.LoginTest">
        <test-method status="PASS" signature="setup()[pri:0, instance:tests.LoginTest@78047b92]" name="setup" is-config="true" duration-ms="3196" started-at="2022-01-27T09:58:37Z" finished-at="2022-01-27T09:58:40Z">
          <reporter-output>
          </reporter-output>
        </test-method> <!-- setup -->
        <test-method status="PASS" signature="loginFailed(java.lang.String, java.lang.String)[pri:1, instance:tests.LoginTest@78047b92]" name="loginFailed" duration-ms="2166" started-at="2022-01-27T09:58:40Z" description="Test incorect login information" data-provider="getData" finished-at="2022-01-27T09:58:42Z">
          <params>
            <param index="0">
              <value>
                <![CDATA[Marina.p]]>
              </value>
            </param>
            <param index="1">
              <value>
                <![CDATA[123]]>
              </value>
            </param>
          </params>
          <reporter-output>
          </reporter-output>
        </test-method> <!-- loginFailed -->
        <test-method status="FAIL" signature="loginFailed(java.lang.String, java.lang.String)[pri:1, instance:tests.LoginTest@78047b92]" name="loginFailed" duration-ms="1712" started-at="2022-01-27T09:58:42Z" description="Test incorect login information" data-provider="getData" finished-at="2022-01-27T09:58:44Z">
          <params>
            <param index="0">
              <value>
                <![CDATA[Marina.n]]>
              </value>
            </param>
            <param index="1">
              <value>
                <![CDATA[123]]>
              </value>
            </param>
          </params>
          <exception class="org.openqa.selenium.ElementClickInterceptedException">
            <message>
              <![CDATA[element click intercepted: Element <input type="submit" name="ctl00$body$SubmitButton" value="Submit" id="body_SubmitButton" class="btn btn-dark-navy-blue" style=""> is not clickable at point (166, 487). Other element would receive the click: <div class="col">...</div>
  (Session info: chrome=97.0.4692.99)
Build info: version: '4.0.0', revision: '3a21814679'
System info: host: 'DESKTOP-5HG1GS6', ip: '192.168.1.40', os.name: 'Windows 10', os.arch: 'amd64', os.version: '10.0', java.version: '1.8.0_151'
Driver info: org.openqa.selenium.chrome.ChromeDriver
Command: [05f9f4ec18eef5ddf5ab1f671f710586, clickElement {id=00fe898e-7f13-489a-9081-7d92ab9d74eb}]
Capabilities {acceptInsecureCerts: false, browserName: chrome, browserVersion: 97.0.4692.99, chrome: {chromedriverVersion: 97.0.4692.71 (adefa7837d02a..., userDataDir: C:\Users\marun\AppData\Loca...}, goog:chromeOptions: {debuggerAddress: localhost:58609}, javascriptEnabled: true, networkConnectionEnabled: false, pageLoadStrategy: normal, platform: WINDOWS, platformName: WINDOWS, proxy: Proxy(), se:cdp: ws://localhost:58609/devtoo..., se:cdpVersion: 97.0.4692.99, setWindowRect: true, strictFileInteractability: false, timeouts: {implicit: 0, pageLoad: 300000, script: 30000}, unhandledPromptBehavior: dismiss and notify, webauthn:extension:credBlob: true, webauthn:extension:largeBlob: true, webauthn:virtualAuthenticators: true}
Element: [[ChromeDriver: chrome on WINDOWS (05f9f4ec18eef5ddf5ab1f671f710586)] -> css selector: #body_SubmitButton]
Session ID: 05f9f4ec18eef5ddf5ab1f671f710586]]>
            </message>
            <full-stacktrace>
              <![CDATA[org.openqa.selenium.ElementClickInterceptedException: element click intercepted: Element <input type="submit" name="ctl00$body$SubmitButton" value="Submit" id="body_SubmitButton" class="btn btn-dark-navy-blue" style=""> is not clickable at point (166, 487). Other element would receive the click: <div class="col">...</div>
  (Session info: chrome=97.0.4692.99)
Build info: version: '4.0.0', revision: '3a21814679'
System info: host: 'DESKTOP-5HG1GS6', ip: '192.168.1.40', os.name: 'Windows 10', os.arch: 'amd64', os.version: '10.0', java.version: '1.8.0_151'
Driver info: org.openqa.selenium.chrome.ChromeDriver
Command: [05f9f4ec18eef5ddf5ab1f671f710586, clickElement {id=00fe898e-7f13-489a-9081-7d92ab9d74eb}]
Capabilities {acceptInsecureCerts: false, browserName: chrome, browserVersion: 97.0.4692.99, chrome: {chromedriverVersion: 97.0.4692.71 (adefa7837d02a..., userDataDir: C:\Users\marun\AppData\Loca...}, goog:chromeOptions: {debuggerAddress: localhost:58609}, javascriptEnabled: true, networkConnectionEnabled: false, pageLoadStrategy: normal, platform: WINDOWS, platformName: WINDOWS, proxy: Proxy(), se:cdp: ws://localhost:58609/devtoo..., se:cdpVersion: 97.0.4692.99, setWindowRect: true, strictFileInteractability: false, timeouts: {implicit: 0, pageLoad: 300000, script: 30000}, unhandledPromptBehavior: dismiss and notify, webauthn:extension:credBlob: true, webauthn:extension:largeBlob: true, webauthn:virtualAuthenticators: true}
Element: [[ChromeDriver: chrome on WINDOWS (05f9f4ec18eef5ddf5ab1f671f710586)] -> css selector: #body_SubmitButton]
Session ID: 05f9f4ec18eef5ddf5ab1f671f710586
at sun.reflect.NativeConstructorAccessorImpl.newInstance0(Native Method)
at sun.reflect.NativeConstructorAccessorImpl.newInstance(NativeConstructorAccessorImpl.java:62)
at sun.reflect.DelegatingConstructorAccessorImpl.newInstance(DelegatingConstructorAccessorImpl.java:45)
at java.lang.reflect.Constructor.newInstance(Constructor.java:423)
at org.openqa.selenium.remote.codec.w3c.W3CHttpResponseCodec.createException(W3CHttpResponseCodec.java:200)
at org.openqa.selenium.remote.codec.w3c.W3CHttpResponseCodec.decode(W3CHttpResponseCodec.java:133)
at org.openqa.selenium.remote.codec.w3c.W3CHttpResponseCodec.decode(W3CHttpResponseCodec.java:53)
at org.openqa.selenium.remote.HttpCommandExecutor.execute(HttpCommandExecutor.java:184)
at org.openqa.selenium.remote.service.DriverCommandExecutor.invokeExecute(DriverCommandExecutor.java:164)
at org.openqa.selenium.remote.service.DriverCommandExecutor.execute(DriverCommandExecutor.java:139)
at org.openqa.selenium.remote.RemoteWebDriver.execute(RemoteWebDriver.java:559)
at org.openqa.selenium.remote.RemoteWebElement.execute(RemoteWebElement.java:251)
at org.openqa.selenium.remote.RemoteWebElement.click(RemoteWebElement.java:77)
at sun.reflect.NativeMethodAccessorImpl.invoke0(Native Method)
at sun.reflect.NativeMethodAccessorImpl.invoke(NativeMethodAccessorImpl.java:62)
at sun.reflect.DelegatingMethodAccessorImpl.invoke(DelegatingMethodAccessorImpl.java:43)
at java.lang.reflect.Method.invoke(Method.java:498)
at org.openqa.selenium.support.pagefactory.internal.LocatingElementHandler.invoke(LocatingElementHandler.java:52)
at com.sun.proxy.$Proxy14.click(Unknown Source)
at PageObject.BasePage.click(BasePage.java:22)
at PageObject.LoginPage.login(LoginPage.java:35)
at tests.LoginTest.loginFailed(LoginTest.java:15)
at sun.reflect.NativeMethodAccessorImpl.invoke0(Native Method)
at sun.reflect.NativeMethodAccessorImpl.invoke(NativeMethodAccessorImpl.java:62)
at sun.reflect.DelegatingMethodAccessorImpl.invoke(DelegatingMethodAccessorImpl.java:43)
at java.lang.reflect.Method.invoke(Method.java:498)
at org.testng.internal.MethodInvocationHelper.invokeMethod(MethodInvocationHelper.java:124)
at org.testng.internal.Invoker.invokeMethod(Invoker.java:583)
at org.testng.internal.Invoker.invokeTestMethod(Invoker.java:719)
at org.testng.internal.Invoker.invokeTestMethods(Invoker.java:989)
at org.testng.internal.TestMethodWorker.invokeTestMethods(TestMethodWorker.java:125)
at org.testng.internal.TestMethodWorker.run(TestMethodWorker.java:109)
at org.testng.TestRunner.privateRun(TestRunner.java:648)
at org.testng.TestRunner.run(TestRunner.java:505)
at org.testng.SuiteRunner.runTest(SuiteRunner.java:455)
at org.testng.SuiteRunner.runSequentially(SuiteRunner.java:450)
at org.testng.SuiteRunner.privateRun(SuiteRunner.java:415)
at org.testng.SuiteRunner.run(SuiteRunner.java:364)
at org.testng.SuiteRunnerWorker.runSuite(SuiteRunnerWorker.java:52)
at org.testng.SuiteRunnerWorker.run(SuiteRunnerWorker.java:84)
at org.testng.TestNG.runSuitesSequentially(TestNG.java:1208)
at org.testng.TestNG.runSuitesLocally(TestNG.java:1137)
at org.testng.TestNG.runSuites(TestNG.java:1049)
at org.testng.TestNG.run(TestNG.java:1017)
at org.apache.maven.surefire.testng.TestNGExecutor.run(TestNGExecutor.java:283)
at org.apache.maven.surefire.testng.TestNGXmlTestSuite.execute(TestNGXmlTestSuite.java:75)
at org.apache.maven.surefire.testng.TestNGProvider.invoke(TestNGProvider.java:120)
at org.apache.maven.surefire.booter.ForkedBooter.runSuitesInProcess(ForkedBooter.java:377)
at org.apache.maven.surefire.booter.ForkedBooter.execute(ForkedBooter.java:138)
at org.apache.maven.surefire.booter.ForkedBooter.run(ForkedBooter.java:465)
at org.apache.maven.surefire.booter.ForkedBooter.main(ForkedBooter.java:451)
]]>
            </full-stacktrace>
          </exception> <!-- org.openqa.selenium.ElementClickInterceptedException -->
          <reporter-output>
          </reporter-output>
        </test-method> <!-- loginFailed -->
        <test-method status="PASS" signature="failedTest(org.testng.ITestResult)[pri:0, instance:tests.LoginTest@78047b92]" name="failedTest" is-config="true" duration-ms="0" started-at="2022-01-27T09:58:42Z" finished-at="2022-01-27T09:58:42Z">
          <params>
            <param index="0">
              <value>
                <![CDATA[[TestResult name=loginFailed status=SUCCESS method=LoginTest.loginFailed(java.lang.String, java.lang.String)[pri:1, instance:tests.LoginTest@78047b92] output={null}]]]>
              </value>
            </param>
          </params>
          <reporter-output>
          </reporter-output>
        </test-method> <!-- failedTest -->
        <test-method status="PASS" signature="failedTest(org.testng.ITestResult)[pri:0, instance:tests.LoginTest@78047b92]" name="failedTest" is-config="true" duration-ms="153" started-at="2022-01-27T09:58:44Z" finished-at="2022-01-27T09:58:44Z">
          <params>
            <param index="0">
              <value>
                <![CDATA[[TestResult name=loginFailed status=FAILURE method=LoginTest.loginFailed(java.lang.String, java.lang.String)[pri:1, instance:tests.LoginTest@78047b92] output={null}]]]>
              </value>
            </param>
          </params>
          <reporter-output>
          </reporter-output>
        </test-method> <!-- failedTest -->
        <test-method status="FAIL" signature="loginFailed(java.lang.String, java.lang.String)[pri:1, instance:tests.LoginTest@78047b92]" name="loginFailed" duration-ms="1694" started-at="2022-01-27T09:58:44Z" description="Test incorect login information" data-provider="getData" finished-at="2022-01-27T09:58:46Z">
          <params>
            <param index="0">
              <value>
                <![CDATA[Shavit.j]]>
              </value>
            </param>
            <param index="1">
              <value>
                <![CDATA[123]]>
              </value>
            </param>
          </params>
          <exception class="org.openqa.selenium.ElementClickInterceptedException">
            <message>
              <![CDATA[element click intercepted: Element <input type="submit" name="ctl00$body$SubmitButton" value="Submit" id="body_SubmitButton" class="btn btn-dark-navy-blue" style=""> is not clickable at point (166, 487). Other element would receive the click: <div class="col">...</div>
  (Session info: chrome=97.0.4692.99)
Build info: version: '4.0.0', revision: '3a21814679'
System info: host: 'DESKTOP-5HG1GS6', ip: '192.168.1.40', os.name: 'Windows 10', os.arch: 'amd64', os.version: '10.0', java.version: '1.8.0_151'
Driver info: org.openqa.selenium.chrome.ChromeDriver
Command: [05f9f4ec18eef5ddf5ab1f671f710586, clickElement {id=00fe898e-7f13-489a-9081-7d92ab9d74eb}]
Capabilities {acceptInsecureCerts: false, browserName: chrome, browserVersion: 97.0.4692.99, chrome: {chromedriverVersion: 97.0.4692.71 (adefa7837d02a..., userDataDir: C:\Users\marun\AppData\Loca...}, goog:chromeOptions: {debuggerAddress: localhost:58609}, javascriptEnabled: true, networkConnectionEnabled: false, pageLoadStrategy: normal, platform: WINDOWS, platformName: WINDOWS, proxy: Proxy(), se:cdp: ws://localhost:58609/devtoo..., se:cdpVersion: 97.0.4692.99, setWindowRect: true, strictFileInteractability: false, timeouts: {implicit: 0, pageLoad: 300000, script: 30000}, unhandledPromptBehavior: dismiss and notify, webauthn:extension:credBlob: true, webauthn:extension:largeBlob: true, webauthn:virtualAuthenticators: true}
Element: [[ChromeDriver: chrome on WINDOWS (05f9f4ec18eef5ddf5ab1f671f710586)] -> css selector: #body_SubmitButton]
Session ID: 05f9f4ec18eef5ddf5ab1f671f710586]]>
            </message>
            <full-stacktrace>
              <![CDATA[org.openqa.selenium.ElementClickInterceptedException: element click intercepted: Element <input type="submit" name="ctl00$body$SubmitButton" value="Submit" id="body_SubmitButton" class="btn btn-dark-navy-blue" style=""> is not clickable at point (166, 487). Other element would receive the click: <div class="col">...</div>
  (Session info: chrome=97.0.4692.99)
Build info: version: '4.0.0', revision: '3a21814679'
System info: host: 'DESKTOP-5HG1GS6', ip: '192.168.1.40', os.name: 'Windows 10', os.arch: 'amd64', os.version: '10.0', java.version: '1.8.0_151'
Driver info: org.openqa.selenium.chrome.ChromeDriver
Command: [05f9f4ec18eef5ddf5ab1f671f710586, clickElement {id=00fe898e-7f13-489a-9081-7d92ab9d74eb}]
Capabilities {acceptInsecureCerts: false, browserName: chrome, browserVersion: 97.0.4692.99, chrome: {chromedriverVersion: 97.0.4692.71 (adefa7837d02a..., userDataDir: C:\Users\marun\AppData\Loca...}, goog:chromeOptions: {debuggerAddress: localhost:58609}, javascriptEnabled: true, networkConnectionEnabled: false, pageLoadStrategy: normal, platform: WINDOWS, platformName: WINDOWS, proxy: Proxy(), se:cdp: ws://localhost:58609/devtoo..., se:cdpVersion: 97.0.4692.99, setWindowRect: true, strictFileInteractability: false, timeouts: {implicit: 0, pageLoad: 300000, script: 30000}, unhandledPromptBehavior: dismiss and notify, webauthn:extension:credBlob: true, webauthn:extension:largeBlob: true, webauthn:virtualAuthenticators: true}
Element: [[ChromeDriver: chrome on WINDOWS (05f9f4ec18eef5ddf5ab1f671f710586)] -> css selector: #body_SubmitButton]
Session ID: 05f9f4ec18eef5ddf5ab1f671f710586
at sun.reflect.NativeConstructorAccessorImpl.newInstance0(Native Method)
at sun.reflect.NativeConstructorAccessorImpl.newInstance(NativeConstructorAccessorImpl.java:62)
at sun.reflect.DelegatingConstructorAccessorImpl.newInstance(DelegatingConstructorAccessorImpl.java:45)
at java.lang.reflect.Constructor.newInstance(Constructor.java:423)
at org.openqa.selenium.remote.codec.w3c.W3CHttpResponseCodec.createException(W3CHttpResponseCodec.java:200)
at org.openqa.selenium.remote.codec.w3c.W3CHttpResponseCodec.decode(W3CHttpResponseCodec.java:133)
at org.openqa.selenium.remote.codec.w3c.W3CHttpResponseCodec.decode(W3CHttpResponseCodec.java:53)
at org.openqa.selenium.remote.HttpCommandExecutor.execute(HttpCommandExecutor.java:184)
at org.openqa.selenium.remote.service.DriverCommandExecutor.invokeExecute(DriverCommandExecutor.java:164)
at org.openqa.selenium.remote.service.DriverCommandExecutor.execute(DriverCommandExecutor.java:139)
at org.openqa.selenium.remote.RemoteWebDriver.execute(RemoteWebDriver.java:559)
at org.openqa.selenium.remote.RemoteWebElement.execute(RemoteWebElement.java:251)
at org.openqa.selenium.remote.RemoteWebElement.click(RemoteWebElement.java:77)
at sun.reflect.NativeMethodAccessorImpl.invoke0(Native Method)
at sun.reflect.NativeMethodAccessorImpl.invoke(NativeMethodAccessorImpl.java:62)
at sun.reflect.DelegatingMethodAccessorImpl.invoke(DelegatingMethodAccessorImpl.java:43)
at java.lang.reflect.Method.invoke(Method.java:498)
at org.openqa.selenium.support.pagefactory.internal.LocatingElementHandler.invoke(LocatingElementHandler.java:52)
at com.sun.proxy.$Proxy14.click(Unknown Source)
at PageObject.BasePage.click(BasePage.java:22)
at PageObject.LoginPage.login(LoginPage.java:35)
at tests.LoginTest.loginFailed(LoginTest.java:15)
at sun.reflect.NativeMethodAccessorImpl.invoke0(Native Method)
at sun.reflect.NativeMethodAccessorImpl.invoke(NativeMethodAccessorImpl.java:62)
at sun.reflect.DelegatingMethodAccessorImpl.invoke(DelegatingMethodAccessorImpl.java:43)
at java.lang.reflect.Method.invoke(Method.java:498)
at org.testng.internal.MethodInvocationHelper.invokeMethod(MethodInvocationHelper.java:124)
at org.testng.internal.Invoker.invokeMethod(Invoker.java:583)
at org.testng.internal.Invoker.invokeTestMethod(Invoker.java:719)
at org.testng.internal.Invoker.invokeTestMethods(Invoker.java:989)
at org.testng.internal.TestMethodWorker.invokeTestMethods(TestMethodWorker.java:125)
at org.testng.internal.TestMethodWorker.run(TestMethodWorker.java:109)
at org.testng.TestRunner.privateRun(TestRunner.java:648)
at org.testng.TestRunner.run(TestRunner.java:505)
at org.testng.SuiteRunner.runTest(SuiteRunner.java:455)
at org.testng.SuiteRunner.runSequentially(SuiteRunner.java:450)
at org.testng.SuiteRunner.privateRun(SuiteRunner.java:415)
at org.testng.SuiteRunner.run(SuiteRunner.java:364)
at org.testng.SuiteRunnerWorker.runSuite(SuiteRunnerWorker.java:52)
at org.testng.SuiteRunnerWorker.run(SuiteRunnerWorker.java:84)
at org.testng.TestNG.runSuitesSequentially(TestNG.java:1208)
at org.testng.TestNG.runSuitesLocally(TestNG.java:1137)
at org.testng.TestNG.runSuites(TestNG.java:1049)
at org.testng.TestNG.run(TestNG.java:1017)
at org.apache.maven.surefire.testng.TestNGExecutor.run(TestNGExecutor.java:283)
at org.apache.maven.surefire.testng.TestNGXmlTestSuite.execute(TestNGXmlTestSuite.java:75)
at org.apache.maven.surefire.testng.TestNGProvider.invoke(TestNGProvider.java:120)
at org.apache.maven.surefire.booter.ForkedBooter.runSuitesInProcess(ForkedBooter.java:377)
at org.apache.maven.surefire.booter.ForkedBooter.execute(ForkedBooter.java:138)
at org.apache.maven.surefire.booter.ForkedBooter.run(ForkedBooter.java:465)
at org.apache.maven.surefire.booter.ForkedBooter.main(ForkedBooter.java:451)
]]>
            </full-stacktrace>
          </exception> <!-- org.openqa.selenium.ElementClickInterceptedException -->
          <reporter-output>
          </reporter-output>
        </test-method> <!-- loginFailed -->
        <test-method status="PASS" signature="failedTest(org.testng.ITestResult)[pri:0, instance:tests.LoginTest@78047b92]" name="failedTest" is-config="true" duration-ms="143" started-at="2022-01-27T09:58:46Z" finished-at="2022-01-27T09:58:46Z">
          <params>
            <param index="0">
              <value>
                <![CDATA[[TestResult name=loginFailed status=FAILURE method=LoginTest.loginFailed(java.lang.String, java.lang.String)[pri:1, instance:tests.LoginTest@78047b92] output={null}]]]>
              </value>
            </param>
          </params>
          <reporter-output>
          </reporter-output>
        </test-method> <!-- failedTest -->
        <test-method status="FAIL" signature="loginSucceed()[pri:2, instance:tests.LoginTest@78047b92]" name="loginSucceed" duration-ms="11037" started-at="2022-01-27T09:58:46Z" description="Test correct login information" finished-at="2022-01-27T09:58:57Z">
          <exception class="org.openqa.selenium.NoSuchElementException">
            <message>
              <![CDATA[no such element: Unable to locate element: {"method":"css selector","selector":"#body_Username"}
  (Session info: chrome=97.0.4692.99)
For documentation on this error, please visit: https://selenium.dev/exceptions/#no_such_element
Build info: version: '4.0.0', revision: '3a21814679'
System info: host: 'DESKTOP-5HG1GS6', ip: '192.168.1.40', os.name: 'Windows 10', os.arch: 'amd64', os.version: '10.0', java.version: '1.8.0_151'
Driver info: org.openqa.selenium.chrome.ChromeDriver
Command: [05f9f4ec18eef5ddf5ab1f671f710586, findElement {using=css selector, value=#body_Username}]
Capabilities {acceptInsecureCerts: false, browserName: chrome, browserVersion: 97.0.4692.99, chrome: {chromedriverVersion: 97.0.4692.71 (adefa7837d02a..., userDataDir: C:\Users\marun\AppData\Loca...}, goog:chromeOptions: {debuggerAddress: localhost:58609}, javascriptEnabled: true, networkConnectionEnabled: false, pageLoadStrategy: normal, platform: WINDOWS, platformName: WINDOWS, proxy: Proxy(), se:cdp: ws://localhost:58609/devtoo..., se:cdpVersion: 97.0.4692.99, setWindowRect: true, strictFileInteractability: false, timeouts: {implicit: 0, pageLoad: 300000, script: 30000}, unhandledPromptBehavior: dismiss and notify, webauthn:extension:credBlob: true, webauthn:extension:largeBlob: true, webauthn:virtualAuthenticators: true}
Session ID: 05f9f4ec18eef5ddf5ab1f671f710586]]>
            </message>
            <full-stacktrace>
              <![CDATA[org.openqa.selenium.NoSuchElementException: no such element: Unable to locate element: {"method":"css selector","selector":"#body_Username"}
  (Session info: chrome=97.0.4692.99)
For documentation on this error, please visit: https://selenium.dev/exceptions/#no_such_element
Build info: version: '4.0.0', revision: '3a21814679'
System info: host: 'DESKTOP-5HG1GS6', ip: '192.168.1.40', os.name: 'Windows 10', os.arch: 'amd64', os.version: '10.0', java.version: '1.8.0_151'
Driver info: org.openqa.selenium.chrome.ChromeDriver
Command: [05f9f4ec18eef5ddf5ab1f671f710586, findElement {using=css selector, value=#body_Username}]
Capabilities {acceptInsecureCerts: false, browserName: chrome, browserVersion: 97.0.4692.99, chrome: {chromedriverVersion: 97.0.4692.71 (adefa7837d02a..., userDataDir: C:\Users\marun\AppData\Loca...}, goog:chromeOptions: {debuggerAddress: localhost:58609}, javascriptEnabled: true, networkConnectionEnabled: false, pageLoadStrategy: normal, platform: WINDOWS, platformName: WINDOWS, proxy: Proxy(), se:cdp: ws://localhost:58609/devtoo..., se:cdpVersion: 97.0.4692.99, setWindowRect: true, strictFileInteractability: false, timeouts: {implicit: 0, pageLoad: 300000, script: 30000}, unhandledPromptBehavior: dismiss and notify, webauthn:extension:credBlob: true, webauthn:extension:largeBlob: true, webauthn:virtualAuthenticators: true}
Session ID: 05f9f4ec18eef5ddf5ab1f671f710586
at sun.reflect.NativeConstructorAccessorImpl.newInstance0(Native Method)
at sun.reflect.NativeConstructorAccessorImpl.newInstance(NativeConstructorAccessorImpl.java:62)
at sun.reflect.DelegatingConstructorAccessorImpl.newInstance(DelegatingConstructorAccessorImpl.java:45)
at java.lang.reflect.Constructor.newInstance(Constructor.java:423)
at org.openqa.selenium.remote.codec.w3c.W3CHttpResponseCodec.createException(W3CHttpResponseCodec.java:200)
at org.openqa.selenium.remote.codec.w3c.W3CHttpResponseCodec.decode(W3CHttpResponseCodec.java:133)
at org.openqa.selenium.remote.codec.w3c.W3CHttpResponseCodec.decode(W3CHttpResponseCodec.java:53)
at org.openqa.selenium.remote.HttpCommandExecutor.execute(HttpCommandExecutor.java:184)
at org.openqa.selenium.remote.service.DriverCommandExecutor.invokeExecute(DriverCommandExecutor.java:164)
at org.openqa.selenium.remote.service.DriverCommandExecutor.execute(DriverCommandExecutor.java:139)
at org.openqa.selenium.remote.RemoteWebDriver.execute(RemoteWebDriver.java:559)
at org.openqa.selenium.remote.ElementLocation$ElementFinder$2.findElement(ElementLocation.java:162)
at org.openqa.selenium.remote.ElementLocation.findElement(ElementLocation.java:60)
at org.openqa.selenium.remote.RemoteWebDriver.findElement(RemoteWebDriver.java:383)
at org.openqa.selenium.remote.RemoteWebDriver.findElement(RemoteWebDriver.java:375)
at org.openqa.selenium.support.pagefactory.DefaultElementLocator.findElement(DefaultElementLocator.java:70)
at org.openqa.selenium.support.pagefactory.internal.LocatingElementHandler.invoke(LocatingElementHandler.java:39)
at com.sun.proxy.$Proxy14.getAttribute(Unknown Source)
at PageObject.BasePage.highlightElement(BasePage.java:46)
at PageObject.BasePage.fillText(BasePage.java:26)
at PageObject.LoginPage.login(LoginPage.java:33)
at tests.LoginTest.loginSucceed(LoginTest.java:29)
at sun.reflect.NativeMethodAccessorImpl.invoke0(Native Method)
at sun.reflect.NativeMethodAccessorImpl.invoke(NativeMethodAccessorImpl.java:62)
at sun.reflect.DelegatingMethodAccessorImpl.invoke(DelegatingMethodAccessorImpl.java:43)
at java.lang.reflect.Method.invoke(Method.java:498)
at org.testng.internal.MethodInvocationHelper.invokeMethod(MethodInvocationHelper.java:124)
at org.testng.internal.Invoker.invokeMethod(Invoker.java:583)
at org.testng.internal.Invoker.invokeTestMethod(Invoker.java:719)
at org.testng.internal.Invoker.invokeTestMethods(Invoker.java:989)
at org.testng.internal.TestMethodWorker.invokeTestMethods(TestMethodWorker.java:125)
at org.testng.internal.TestMethodWorker.run(TestMethodWorker.java:109)
at org.testng.TestRunner.privateRun(TestRunner.java:648)
at org.testng.TestRunner.run(TestRunner.java:505)
at org.testng.SuiteRunner.runTest(SuiteRunner.java:455)
at org.testng.SuiteRunner.runSequentially(SuiteRunner.java:450)
at org.testng.SuiteRunner.privateRun(SuiteRunner.java:415)
at org.testng.SuiteRunner.run(SuiteRunner.java:364)
at org.testng.SuiteRunnerWorker.runSuite(SuiteRunnerWorker.java:52)
at org.testng.SuiteRunnerWorker.run(SuiteRunnerWorker.java:84)
at org.testng.TestNG.runSuitesSequentially(TestNG.java:1208)
at org.testng.TestNG.runSuitesLocally(TestNG.java:1137)
at org.testng.TestNG.runSuites(TestNG.java:1049)
at org.testng.TestNG.run(TestNG.java:1017)
at org.apache.maven.surefire.testng.TestNGExecutor.run(TestNGExecutor.java:283)
at org.apache.maven.surefire.testng.TestNGXmlTestSuite.execute(TestNGXmlTestSuite.java:75)
at org.apache.maven.surefire.testng.TestNGProvider.invoke(TestNGProvider.java:120)
at org.apache.maven.surefire.booter.ForkedBooter.runSuitesInProcess(ForkedBooter.java:377)
at org.apache.maven.surefire.booter.ForkedBooter.execute(ForkedBooter.java:138)
at org.apache.maven.surefire.booter.ForkedBooter.run(ForkedBooter.java:465)
at org.apache.maven.surefire.booter.ForkedBooter.main(ForkedBooter.java:451)
]]>
            </full-stacktrace>
          </exception> <!-- org.openqa.selenium.NoSuchElementException -->
          <reporter-output>
          </reporter-output>
        </test-method> <!-- loginSucceed -->
        <test-method status="PASS" signature="failedTest(org.testng.ITestResult)[pri:0, instance:tests.LoginTest@78047b92]" name="failedTest" is-config="true" duration-ms="112" started-at="2022-01-27T09:58:57Z" finished-at="2022-01-27T09:58:57Z">
          <params>
            <param index="0">
              <value>
                <![CDATA[[TestResult name=loginSucceed status=FAILURE method=LoginTest.loginSucceed()[pri:2, instance:tests.LoginTest@78047b92] output={null}]]]>
              </value>
            </param>
          </params>
          <reporter-output>
          </reporter-output>
        </test-method> <!-- failedTest -->
        <test-method status="PASS" signature="tearDown()[pri:0, instance:tests.LoginTest@78047b92]" name="tearDown" is-config="true" duration-ms="781" started-at="2022-01-27T09:58:57Z" finished-at="2022-01-27T09:58:58Z">
          <reporter-output>
          </reporter-output>
        </test-method> <!-- tearDown -->
      </class> <!-- tests.LoginTest -->
      <class name="tests.ViewMyFormsTest">
        <test-method status="PASS" signature="setup()[pri:0, instance:tests.ViewMyFormsTest@7a52f2a2]" name="setup" is-config="true" duration-ms="3210" started-at="2022-01-27T09:58:15Z" finished-at="2022-01-27T09:58:18Z">
          <reporter-output>
          </reporter-output>
        </test-method> <!-- setup -->
        <test-method status="PASS" signature="dropDownFail()[pri:0, instance:tests.ViewMyFormsTest@7a52f2a2]" name="dropDownFail" duration-ms="9770" started-at="2022-01-27T09:58:18Z" finished-at="2022-01-27T09:58:27Z">
          <reporter-output>
          </reporter-output>
        </test-method> <!-- dropDownFail -->
        <test-method status="PASS" signature="failedTest(org.testng.ITestResult)[pri:0, instance:tests.ViewMyFormsTest@7a52f2a2]" name="failedTest" is-config="true" duration-ms="1" started-at="2022-01-27T09:58:27Z" finished-at="2022-01-27T09:58:27Z">
          <params>
            <param index="0">
              <value>
                <![CDATA[[TestResult name=dropDownFail status=SUCCESS method=ViewMyFormsTest.dropDownFail()[pri:0, instance:tests.ViewMyFormsTest@7a52f2a2] output={null}]]]>
              </value>
            </param>
          </params>
          <reporter-output>
          </reporter-output>
        </test-method> <!-- failedTest -->
        <test-method status="PASS" signature="tearDown()[pri:0, instance:tests.ViewMyFormsTest@7a52f2a2]" name="tearDown" is-config="true" duration-ms="1212" started-at="2022-01-27T09:58:27Z" finished-at="2022-01-27T09:58:29Z">
          <reporter-output>
          </reporter-output>
        </test-method> <!-- tearDown -->
      </class> <!-- tests.ViewMyFormsTest -->
      <class name="tests.SearchAllTest">
        <test-method status="PASS" signature="setup()[pri:0, instance:tests.SearchAllTest@69930714]" name="setup" is-config="true" duration-ms="3366" started-at="2022-01-27T09:57:38Z" finished-at="2022-01-27T09:57:42Z">
          <reporter-output>
          </reporter-output>
        </test-method> <!-- setup -->
        <test-method status="FAIL" signature="isDisplayed()[pri:0, instance:tests.SearchAllTest@69930714]" name="isDisplayed" duration-ms="31661" started-at="2022-01-27T09:57:42Z" description="Checks if message is desplayed" finished-at="2022-01-27T09:58:13Z">
          <exception class="org.openqa.selenium.NoSuchElementException">
            <message>
              <![CDATA[no such element: Unable to locate element: {"method":"css selector","selector":"#MessageLabel"}
  (Session info: chrome=97.0.4692.99)
For documentation on this error, please visit: https://selenium.dev/exceptions/#no_such_element
Build info: version: '4.0.0', revision: '3a21814679'
System info: host: 'DESKTOP-5HG1GS6', ip: '192.168.1.40', os.name: 'Windows 10', os.arch: 'amd64', os.version: '10.0', java.version: '1.8.0_151'
Driver info: org.openqa.selenium.chrome.ChromeDriver
Command: [e9b324db880d00b9a89faa8f1c4a19c6, findElement {using=css selector, value=#MessageLabel}]
Capabilities {acceptInsecureCerts: false, browserName: chrome, browserVersion: 97.0.4692.99, chrome: {chromedriverVersion: 97.0.4692.71 (adefa7837d02a..., userDataDir: C:\Users\marun\AppData\Loca...}, goog:chromeOptions: {debuggerAddress: localhost:58485}, javascriptEnabled: true, networkConnectionEnabled: false, pageLoadStrategy: normal, platform: WINDOWS, platformName: WINDOWS, proxy: Proxy(), se:cdp: ws://localhost:58485/devtoo..., se:cdpVersion: 97.0.4692.99, setWindowRect: true, strictFileInteractability: false, timeouts: {implicit: 0, pageLoad: 300000, script: 30000}, unhandledPromptBehavior: dismiss and notify, webauthn:extension:credBlob: true, webauthn:extension:largeBlob: true, webauthn:virtualAuthenticators: true}
Session ID: e9b324db880d00b9a89faa8f1c4a19c6]]>
            </message>
            <full-stacktrace>
              <![CDATA[org.openqa.selenium.NoSuchElementException: no such element: Unable to locate element: {"method":"css selector","selector":"#MessageLabel"}
  (Session info: chrome=97.0.4692.99)
For documentation on this error, please visit: https://selenium.dev/exceptions/#no_such_element
Build info: version: '4.0.0', revision: '3a21814679'
System info: host: 'DESKTOP-5HG1GS6', ip: '192.168.1.40', os.name: 'Windows 10', os.arch: 'amd64', os.version: '10.0', java.version: '1.8.0_151'
Driver info: org.openqa.selenium.chrome.ChromeDriver
Command: [e9b324db880d00b9a89faa8f1c4a19c6, findElement {using=css selector, value=#MessageLabel}]
Capabilities {acceptInsecureCerts: false, browserName: chrome, browserVersion: 97.0.4692.99, chrome: {chromedriverVersion: 97.0.4692.71 (adefa7837d02a..., userDataDir: C:\Users\marun\AppData\Loca...}, goog:chromeOptions: {debuggerAddress: localhost:58485}, javascriptEnabled: true, networkConnectionEnabled: false, pageLoadStrategy: normal, platform: WINDOWS, platformName: WINDOWS, proxy: Proxy(), se:cdp: ws://localhost:58485/devtoo..., se:cdpVersion: 97.0.4692.99, setWindowRect: true, strictFileInteractability: false, timeouts: {implicit: 0, pageLoad: 300000, script: 30000}, unhandledPromptBehavior: dismiss and notify, webauthn:extension:credBlob: true, webauthn:extension:largeBlob: true, webauthn:virtualAuthenticators: true}
Session ID: e9b324db880d00b9a89faa8f1c4a19c6
at sun.reflect.NativeConstructorAccessorImpl.newInstance0(Native Method)
at sun.reflect.NativeConstructorAccessorImpl.newInstance(NativeConstructorAccessorImpl.java:62)
at sun.reflect.DelegatingConstructorAccessorImpl.newInstance(DelegatingConstructorAccessorImpl.java:45)
at java.lang.reflect.Constructor.newInstance(Constructor.java:423)
at org.openqa.selenium.remote.codec.w3c.W3CHttpResponseCodec.createException(W3CHttpResponseCodec.java:200)
at org.openqa.selenium.remote.codec.w3c.W3CHttpResponseCodec.decode(W3CHttpResponseCodec.java:133)
at org.openqa.selenium.remote.codec.w3c.W3CHttpResponseCodec.decode(W3CHttpResponseCodec.java:53)
at org.openqa.selenium.remote.HttpCommandExecutor.execute(HttpCommandExecutor.java:184)
at org.openqa.selenium.remote.service.DriverCommandExecutor.invokeExecute(DriverCommandExecutor.java:164)
at org.openqa.selenium.remote.service.DriverCommandExecutor.execute(DriverCommandExecutor.java:139)
at org.openqa.selenium.remote.RemoteWebDriver.execute(RemoteWebDriver.java:559)
at org.openqa.selenium.remote.ElementLocation$ElementFinder$2.findElement(ElementLocation.java:162)
at org.openqa.selenium.remote.ElementLocation.findElement(ElementLocation.java:60)
at org.openqa.selenium.remote.RemoteWebDriver.findElement(RemoteWebDriver.java:383)
at org.openqa.selenium.remote.RemoteWebDriver.findElement(RemoteWebDriver.java:375)
at org.openqa.selenium.support.pagefactory.DefaultElementLocator.findElement(DefaultElementLocator.java:70)
at org.openqa.selenium.support.pagefactory.internal.LocatingElementHandler.invoke(LocatingElementHandler.java:39)
at com.sun.proxy.$Proxy14.isDisplayed(Unknown Source)
at PageObject.SearchAllPage.isMsgDisplayed(SearchAllPage.java:37)
at tests.SearchAllTest.isDisplayed(SearchAllTest.java:24)
at sun.reflect.NativeMethodAccessorImpl.invoke0(Native Method)
at sun.reflect.NativeMethodAccessorImpl.invoke(NativeMethodAccessorImpl.java:62)
at sun.reflect.DelegatingMethodAccessorImpl.invoke(DelegatingMethodAccessorImpl.java:43)
at java.lang.reflect.Method.invoke(Method.java:498)
at org.testng.internal.MethodInvocationHelper.invokeMethod(MethodInvocationHelper.java:124)
at org.testng.internal.Invoker.invokeMethod(Invoker.java:583)
at org.testng.internal.Invoker.invokeTestMethod(Invoker.java:719)
at org.testng.internal.Invoker.invokeTestMethods(Invoker.java:989)
at org.testng.internal.TestMethodWorker.invokeTestMethods(TestMethodWorker.java:125)
at org.testng.internal.TestMethodWorker.run(TestMethodWorker.java:109)
at org.testng.TestRunner.privateRun(TestRunner.java:648)
at org.testng.TestRunner.run(TestRunner.java:505)
at org.testng.SuiteRunner.runTest(SuiteRunner.java:455)
at org.testng.SuiteRunner.runSequentially(SuiteRunner.java:450)
at org.testng.SuiteRunner.privateRun(SuiteRunner.java:415)
at org.testng.SuiteRunner.run(SuiteRunner.java:364)
at org.testng.SuiteRunnerWorker.runSuite(SuiteRunnerWorker.java:52)
at org.testng.SuiteRunnerWorker.run(SuiteRunnerWorker.java:84)
at org.testng.TestNG.runSuitesSequentially(TestNG.java:1208)
at org.testng.TestNG.runSuitesLocally(TestNG.java:1137)
at org.testng.TestNG.runSuites(TestNG.java:1049)
at org.testng.TestNG.run(TestNG.java:1017)
at org.apache.maven.surefire.testng.TestNGExecutor.run(TestNGExecutor.java:283)
at org.apache.maven.surefire.testng.TestNGXmlTestSuite.execute(TestNGXmlTestSuite.java:75)
at org.apache.maven.surefire.testng.TestNGProvider.invoke(TestNGProvider.java:120)
at org.apache.maven.surefire.booter.ForkedBooter.runSuitesInProcess(ForkedBooter.java:377)
at org.apache.maven.surefire.booter.ForkedBooter.execute(ForkedBooter.java:138)
at org.apache.maven.surefire.booter.ForkedBooter.run(ForkedBooter.java:465)
at org.apache.maven.surefire.booter.ForkedBooter.main(ForkedBooter.java:451)
]]>
            </full-stacktrace>
          </exception> <!-- org.openqa.selenium.NoSuchElementException -->
          <reporter-output>
          </reporter-output>
        </test-method> <!-- isDisplayed -->
        <test-method status="PASS" signature="failedTest(org.testng.ITestResult)[pri:0, instance:tests.SearchAllTest@69930714]" name="failedTest" is-config="true" duration-ms="261" started-at="2022-01-27T09:58:13Z" finished-at="2022-01-27T09:58:14Z">
          <params>
            <param index="0">
              <value>
                <![CDATA[[TestResult name=isDisplayed status=FAILURE method=SearchAllTest.isDisplayed()[pri:0, instance:tests.SearchAllTest@69930714] output={null}]]]>
              </value>
            </param>
          </params>
          <reporter-output>
          </reporter-output>
        </test-method> <!-- failedTest -->
        <test-method status="PASS" signature="tearDown()[pri:0, instance:tests.SearchAllTest@69930714]" name="tearDown" is-config="true" duration-ms="799" started-at="2022-01-27T09:58:14Z" finished-at="2022-01-27T09:58:15Z">
          <reporter-output>
          </reporter-output>
        </test-method> <!-- tearDown -->
      </class> <!-- tests.SearchAllTest -->
      <class name="tests.AccountTest">
        <test-method status="PASS" signature="setup()[pri:0, instance:tests.AccountTest@a4102b8]" name="setup" is-config="true" duration-ms="5138" started-at="2022-01-27T09:56:58Z" finished-at="2022-01-27T09:57:03Z">
          <reporter-output>
          </reporter-output>
        </test-method> <!-- setup -->
        <test-method status="PASS" signature="isExist()[pri:0, instance:tests.AccountTest@a4102b8]" name="isExist" duration-ms="12811" started-at="2022-01-27T09:57:03Z" description="Checks if the update state exist" finished-at="2022-01-27T09:57:16Z">
          <reporter-output>
          </reporter-output>
        </test-method> <!-- isExist -->
        <test-method status="PASS" signature="failedTest(org.testng.ITestResult)[pri:0, instance:tests.AccountTest@a4102b8]" name="failedTest" is-config="true" duration-ms="3" started-at="2022-01-27T09:57:16Z" finished-at="2022-01-27T09:57:16Z">
          <params>
            <param index="0">
              <value>
                <![CDATA[[TestResult name=isExist status=SUCCESS method=AccountTest.isExist()[pri:0, instance:tests.AccountTest@a4102b8] output={null}]]]>
              </value>
            </param>
          </params>
          <reporter-output>
          </reporter-output>
        </test-method> <!-- failedTest -->
        <test-method status="PASS" signature="tearDown()[pri:0, instance:tests.AccountTest@a4102b8]" name="tearDown" is-config="true" duration-ms="1688" started-at="2022-01-27T09:57:16Z" finished-at="2022-01-27T09:57:17Z">
          <reporter-output>
          </reporter-output>
        </test-method> <!-- tearDown -->
      </class> <!-- tests.AccountTest -->
      <class name="tests.SpecificFormPageTest">
        <test-method status="PASS" signature="setup()[pri:0, instance:tests.SpecificFormPageTest@11dc3715]" name="setup" is-config="true" duration-ms="3277" started-at="2022-01-27T09:57:17Z" finished-at="2022-01-27T09:57:21Z">
          <reporter-output>
          </reporter-output>
        </test-method> <!-- setup -->
        <test-method status="PASS" signature="currentPage()[pri:0, instance:tests.SpecificFormPageTest@11dc3715]" name="currentPage" duration-ms="17085" started-at="2022-01-27T09:57:21Z" description="This test checks page&#039;s title" finished-at="2022-01-27T09:57:38Z">
          <reporter-output>
          </reporter-output>
        </test-method> <!-- currentPage -->
        <test-method status="PASS" signature="tearDown()[pri:0, instance:tests.SpecificFormPageTest@11dc3715]" name="tearDown" is-config="true" duration-ms="823" started-at="2022-01-27T09:57:38Z" finished-at="2022-01-27T09:57:38Z">
          <reporter-output>
          </reporter-output>
        </test-method> <!-- tearDown -->
        <test-method status="PASS" signature="failedTest(org.testng.ITestResult)[pri:0, instance:tests.SpecificFormPageTest@11dc3715]" name="failedTest" is-config="true" duration-ms="0" started-at="2022-01-27T09:57:38Z" finished-at="2022-01-27T09:57:38Z">
          <params>
            <param index="0">
              <value>
                <![CDATA[[TestResult name=currentPage status=SUCCESS method=SpecificFormPageTest.currentPage()[pri:0, instance:tests.SpecificFormPageTest@11dc3715] output={null}]]]>
              </value>
            </param>
          </params>
          <reporter-output>
          </reporter-output>
        </test-method> <!-- failedTest -->
      </class> <!-- tests.SpecificFormPageTest -->
      <class name="tests.ForgotPasswordTest">
        <test-method status="PASS" signature="setup()[pri:0, instance:tests.ForgotPasswordTest@8909f18]" name="setup" is-config="true" duration-ms="3158" started-at="2022-01-27T09:58:29Z" finished-at="2022-01-27T09:58:32Z">
          <reporter-output>
          </reporter-output>
        </test-method> <!-- setup -->
        <test-method status="PASS" signature="isRestoreAvailable()[pri:0, instance:tests.ForgotPasswordTest@8909f18]" name="isRestoreAvailable" duration-ms="2599" started-at="2022-01-27T09:58:32Z" description="Checks if it&#039;s posible to restore forgotten details - message shall be appeared" finished-at="2022-01-27T09:58:34Z">
          <reporter-output>
          </reporter-output>
        </test-method> <!-- isRestoreAvailable -->
        <test-method status="PASS" signature="failedTest(org.testng.ITestResult)[pri:0, instance:tests.ForgotPasswordTest@8909f18]" name="failedTest" is-config="true" duration-ms="1" started-at="2022-01-27T09:58:34Z" finished-at="2022-01-27T09:58:34Z">
          <params>
            <param index="0">
              <value>
                <![CDATA[[TestResult name=isRestoreAvailable status=SUCCESS method=ForgotPasswordTest.isRestoreAvailable()[pri:0, instance:tests.ForgotPasswordTest@8909f18] output={null}]]]>
              </value>
            </param>
          </params>
          <reporter-output>
          </reporter-output>
        </test-method> <!-- failedTest -->
        <test-method status="FAIL" signature="msgText()[pri:0, instance:tests.ForgotPasswordTest@8909f18]" name="msgText" duration-ms="1506" started-at="2022-01-27T09:58:34Z" description="Checks if it&#039;s posible to restore forgotten details - message shall be appeared" finished-at="2022-01-27T09:58:36Z">
          <exception class="java.lang.AssertionError">
            <message>
              <![CDATA[expected [instructions on how to reset your password have been sent to the email address registered with the username provided.] but found [Instructions on how to reset your password have been sent to the email address registered with the username provided.]]]>
            </message>
            <full-stacktrace>
              <![CDATA[java.lang.AssertionError: expected [instructions on how to reset your password have been sent to the email address registered with the username provided.] but found [Instructions on how to reset your password have been sent to the email address registered with the username provided.]
at org.testng.Assert.fail(Assert.java:96)
at org.testng.Assert.failNotEquals(Assert.java:776)
at org.testng.Assert.assertEqualsImpl(Assert.java:137)
at org.testng.Assert.assertEquals(Assert.java:118)
at org.testng.Assert.assertEquals(Assert.java:453)
at org.testng.Assert.assertEquals(Assert.java:463)
at tests.ForgotPasswordTest.msgText(ForgotPasswordTest.java:30)
at sun.reflect.NativeMethodAccessorImpl.invoke0(Native Method)
at sun.reflect.NativeMethodAccessorImpl.invoke(NativeMethodAccessorImpl.java:62)
at sun.reflect.DelegatingMethodAccessorImpl.invoke(DelegatingMethodAccessorImpl.java:43)
at java.lang.reflect.Method.invoke(Method.java:498)
at org.testng.internal.MethodInvocationHelper.invokeMethod(MethodInvocationHelper.java:124)
at org.testng.internal.Invoker.invokeMethod(Invoker.java:583)
at org.testng.internal.Invoker.invokeTestMethod(Invoker.java:719)
at org.testng.internal.Invoker.invokeTestMethods(Invoker.java:989)
at org.testng.internal.TestMethodWorker.invokeTestMethods(TestMethodWorker.java:125)
at org.testng.internal.TestMethodWorker.run(TestMethodWorker.java:109)
at org.testng.TestRunner.privateRun(TestRunner.java:648)
at org.testng.TestRunner.run(TestRunner.java:505)
at org.testng.SuiteRunner.runTest(SuiteRunner.java:455)
at org.testng.SuiteRunner.runSequentially(SuiteRunner.java:450)
at org.testng.SuiteRunner.privateRun(SuiteRunner.java:415)
at org.testng.SuiteRunner.run(SuiteRunner.java:364)
at org.testng.SuiteRunnerWorker.runSuite(SuiteRunnerWorker.java:52)
at org.testng.SuiteRunnerWorker.run(SuiteRunnerWorker.java:84)
at org.testng.TestNG.runSuitesSequentially(TestNG.java:1208)
at org.testng.TestNG.runSuitesLocally(TestNG.java:1137)
at org.testng.TestNG.runSuites(TestNG.java:1049)
at org.testng.TestNG.run(TestNG.java:1017)
at org.apache.maven.surefire.testng.TestNGExecutor.run(TestNGExecutor.java:283)
at org.apache.maven.surefire.testng.TestNGXmlTestSuite.execute(TestNGXmlTestSuite.java:75)
at org.apache.maven.surefire.testng.TestNGProvider.invoke(TestNGProvider.java:120)
at org.apache.maven.surefire.booter.ForkedBooter.runSuitesInProcess(ForkedBooter.java:377)
at org.apache.maven.surefire.booter.ForkedBooter.execute(ForkedBooter.java:138)
at org.apache.maven.surefire.booter.ForkedBooter.run(ForkedBooter.java:465)
at org.apache.maven.surefire.booter.ForkedBooter.main(ForkedBooter.java:451)
]]>
            </full-stacktrace>
          </exception> <!-- java.lang.AssertionError -->
          <reporter-output>
          </reporter-output>
        </test-method> <!-- msgText -->
        <test-method status="PASS" signature="failedTest(org.testng.ITestResult)[pri:0, instance:tests.ForgotPasswordTest@8909f18]" name="failedTest" is-config="true" duration-ms="158" started-at="2022-01-27T09:58:36Z" finished-at="2022-01-27T09:58:36Z">
          <params>
            <param index="0">
              <value>
                <![CDATA[[TestResult name=msgText status=FAILURE method=ForgotPasswordTest.msgText()[pri:0, instance:tests.ForgotPasswordTest@8909f18] output={null}]]]>
              </value>
            </param>
          </params>
          <reporter-output>
          </reporter-output>
        </test-method> <!-- failedTest -->
        <test-method status="PASS" signature="tearDown()[pri:0, instance:tests.ForgotPasswordTest@8909f18]" name="tearDown" is-config="true" duration-ms="748" started-at="2022-01-27T09:58:36Z" finished-at="2022-01-27T09:58:37Z">
          <reporter-output>
          </reporter-output>
        </test-method> <!-- tearDown -->
      </class> <!-- tests.ForgotPasswordTest -->
    </test> <!-- Testng -->
  </suite> <!-- Suite -->
</testng-results>
